Remember that you can report errors and get help in https://github.com/NicoSantangelo/sublime-gulp

06-22-2016 13:26:
C:\try_again\_optimized_gulp_sass\.sublime-gulp-tmp.js:12
    .pipe(gulp.dest('./css'));.pipe(gulp.dest('folder'));
                              ^
SyntaxError: Unexpected token .
    at Object.exports.runInThisContext (vm.js:53:16)
    at Module._compile (module.js:513:28)
    at Object.Module._extensions..js (module.js:550:10)
    at Module.load (module.js:458:32)
    at tryModuleLoad (module.js:417:12)
    at Function.Module._load (module.js:409:3)
    at Module.require (module.js:468:17)
    at require (internal/module.js:20:19)
    at requireGulp (C:\Users\Валентин\AppData\Roaming\Sublime Text 3\Packages\Gulp\write_tasks_to_cache.js:28:16)
    at Object.<anonymous> (C:\Users\Валентин\AppData\Roaming\Sublime Text 3\Packages\Gulp\write_tasks_to_cache.js:83:12)


06-25-2016 15:42:
(node:15952) fs: re-evaluating native module sources is not supported. If you are using the graceful-fs module, please update it to a more recent version.
C:\Users\Валентин\AppData\Roaming\Sublime Text 3\Packages\Gulp\write_tasks_to_cache.js:31
        throw ex;
        ^

Error: Cannot find module 'gulp-clean-css'
    at Function.Module._resolveFilename (module.js:440:15)
    at Function.Module._load (module.js:388:25)
    at Module.require (module.js:468:17)
    at require (internal/module.js:20:19)
    at Object.<anonymous> (C:\try_again\_optimized_gulp_sass\.sublime-gulp-tmp.js:4:18)
    at Module._compile (module.js:541:32)
    at Object.Module._extensions..js (module.js:550:10)
    at Module.load (module.js:458:32)
    at tryModuleLoad (module.js:417:12)
    at Function.Module._load (module.js:409:3)
